#
# A fatal error has been detected by the Java Runtime Environment:
#
#  SIGSEGV (0xb) at pc=0x000000010fc27908, pid=89211, tid=18695
#
# JRE version: Java(TM) SE Runtime Environment (8.0_65-b17) (build 1.8.0_65-b17)
# Java VM: Java HotSpot(TM) 64-Bit Server VM (25.65-b01 mixed mode bsd-amd64 compressed oops)
# Problematic frame:
# V  [libjvm.dylib+0x446908]
#
# Failed to write core dump. Core dumps have been disabled. To enable core dumping, try "ulimit -c unlimited" before starting Java again
#
# If you would like to submit a bug report, please visit:
#   http://bugreport.java.com/bugreport/crash.jsp
#

---------------  T H R E A D  ---------------

Current thread (0x00007feee181e000):  JavaThread "JDWP Transport Listener: dt_socket" daemon [_thread_in_vm, id=18695, stack(0x0000700009cd0000,0x0000700009dd0000)]

siginfo: si_signo: 11 (SIGSEGV), si_code: 0 (unknown), si_addr: 0x0000000000000000

Registers:
RAX=0x0000000000000001, RBX=0x0000700009dcfa8b, RCX=0x000000010fff6310, RDX=0x0000700009dcfa8b
RSP=0x0000700009dcf9d0, RBP=0x0000700009dcf9e0, RSI=0x00007feee181e000, RDI=0x0002432473746573
R8 =0x0000000000000000, R9 =0x00007feedfd30f90, R10=0x000007feedfd2195, R11=0x0000000000000001
R12=0x00007feee181e000, R13=0x0002432473746573, R14=0x0002432473746573, R15=0x00007feedfd01a10
RIP=0x000000010fc27908, EFLAGS=0x0000000000010202, ERR=0x0000000000000000
  TRAPNO=0x000000000000000d

Top of Stack: (sp=0x0000700009dcf9d0)
0x0000700009dcf9d0:   0000700009dcfa8b 0000700009dcfa8b
0x0000700009dcf9e0:   0000700009dcfa40 000000010fb36a02
0x0000700009dcf9f0:   00007feee181e000 0000000000000000
0x0000700009dcfa00:   0000000000000000 0000000000000000
0x0000700009dcfa10:   00007feee181e000 00007feee181e000
0x0000700009dcfa20:   0000700009dcfa8b 0000700009dcfa90
0x0000700009dcfa30:   0002432473746573 0000000000000003
0x0000700009dcfa40:   0000700009dcfa60 00000001107ce780
0x0000700009dcfa50:   0000000000000001 0000700009dcfb08
0x0000700009dcfa60:   0000700009dcfad0 00000001107b31f3
0x0000700009dcfa70:   0000700009dcfaa0 00007feedfd2e8f0
0x0000700009dcfa80:   0000000400000032 0000000a00dcfb08
0x0000700009dcfa90:   0000000000000000 0000000000000000
0x0000700009dcfaa0:   0000000000000000 0000700009dcfc90
0x0000700009dcfab0:   00000001107d5e7a 00007feedfd2eae0
0x0000700009dcfac0:   0000700009dcfb08 00000001107e1598
0x0000700009dcfad0:   0000700009dcfae0 00000001107b32ec
0x0000700009dcfae0:   0000700009dcfd00 00000001107bc898
0x0000700009dcfaf0:   0000687e00000013 00000000000f0200
0x0000700009dcfb00:   00007feedfd284c0 0000700009dcfbd9
0x0000700009dcfb10:   00007fee000000ab 0000700009dcfb20
0x0000700009dcfb20:   00007fee00000081 0000700009dcfb58
0x0000700009dcfb30:   0000000000000000 0000000000000000
0x0000700009dcfb40:   0000687e00000327 0000000000000080
0x0000700009dcfb50:   0000000000000000 ee7f000004000000
0x0000700009dcfb60:   0d000000f81bd2df 696c615674736574
0x0000700009dcfb70:   00000065766f4d64 0000000056292803
0x0000700009dcfb80:   ee7f000001000000 04000000f01bd2df
0x0000700009dcfb90:   0300000074736574 0000000000562928
0x0000700009dcfba0:   dfee7f0000010000 7009000000c0e7d2
0x0000700009dcfbb0:   74726f5065737261 616a4c2815000000
0x0000700009dcfbc0:   2f676e616c2f6176 293b676e69727453 

Instructions: (pc=0x000000010fc27908)
0x000000010fc278e8:   40 48 48 85 c0 75 e0 30 c0 0f b6 c0 5d c3 31 c0
0x000000010fc278f8:   5d c3 55 48 89 e5 53 48 83 ec 08 48 85 ff 74 24
0x000000010fc27908:   48 8b 1f 48 85 db 74 1c 48 83 fb 37 74 16 48 8b
0x000000010fc27918:   03 48 89 df ff 50 10 84 c0 b8 00 00 00 00 48 0f 

Register to memory mapping:

RAX=0x0000000000000001 is an unknown value
RBX=0x0000700009dcfa8b is pointing into the stack for thread: 0x00007feee181e000
RCX=0x000000010fff6310: UseMembar+0 in /Library/Java/JavaVirtualMachines/jdk1.8.0_65.jdk/Contents/Home/jre/lib/server/libjvm.dylib at 0x000000010f7e1000
RDX=0x0000700009dcfa8b is pointing into the stack for thread: 0x00007feee181e000
RSP=0x0000700009dcf9d0 is pointing into the stack for thread: 0x00007feee181e000
RBP=0x0000700009dcf9e0 is pointing into the stack for thread: 0x00007feee181e000
RSI=0x00007feee181e000 is a thread
RDI=0x0002432473746573 is an unknown value
R8 =0x0000000000000000 is an unknown value
R9 =0x00007feedfd30f90 is an unknown value
R10=0x000007feedfd2195 is an unknown value
R11=0x0000000000000001 is an unknown value
R12=0x00007feee181e000 is a thread
R13=0x0002432473746573 is an unknown value
R14=0x0002432473746573 is an unknown value
R15=0x00007feedfd01a10 is an unknown value


Stack: [0x0000700009cd0000,0x0000700009dd0000],  sp=0x0000700009dcf9d0,  free space=1022k
Native frames: (J=compiled Java code, j=interpreted, Vv=VM code, C=native code)
V  [libjvm.dylib+0x446908]
V  [libjvm.dylib+0x355a02]
C  [libjdwp.dylib+0x20780]  isMethodSynthetic+0x63
C  [libjdwp.dylib+0x51f3]  methods1+0x10b
C  [libjdwp.dylib+0x52ec]  methodsWithGeneric+0xe
C  [libjdwp.dylib+0xe898]  debugLoop_run+0x1ce
C  [libjdwp.dylib+0x1f6ba]  attachThread+0x4d
V  [libjvm.dylib+0x396d60]
V  [libjvm.dylib+0x5612d3]
V  [libjvm.dylib+0x5629ce]
V  [libjvm.dylib+0x48342e]
C  [libsystem_pthread.dylib+0x36c1]  _pthread_body+0x154
C  [libsystem_pthread.dylib+0x356d]  _pthread_body+0x0
C  [libsystem_pthread.dylib+0x2c5d]  thread_start+0xd
C  0x0000000000000000


---------------  P R O C E S S  ---------------

Java Threads: ( => current thread )
  0x00007feee0840800 JavaThread "ReaderThread" [_thread_in_native, id=15875, stack(0x000070000a4e8000,0x000070000a5e8000)]
  0x00007feee0010800 JavaThread "Service Thread" daemon [_thread_blocked, id=14339, stack(0x000070000a2e2000,0x000070000a3e2000)]
  0x00007feee1823000 JavaThread "C1 CompilerThread2" daemon [_thread_blocked, id=16643, stack(0x000070000a1df000,0x000070000a2df000)]
  0x00007feee082b000 JavaThread "C2 CompilerThread1" daemon [_thread_blocked, id=14083, stack(0x000070000a0dc000,0x000070000a1dc000)]
  0x00007feee102e000 JavaThread "C2 CompilerThread0" daemon [_thread_blocked, id=13827, stack(0x0000700009fd9000,0x000070000a0d9000)]
  0x00007feee1821800 JavaThread "JDWP Command Reader" daemon [_thread_in_native, id=17667, stack(0x0000700009ed6000,0x0000700009fd6000)]
  0x00007feee1820800 JavaThread "JDWP Event Helper Thread" daemon [_thread_blocked, id=18179, stack(0x0000700009dd3000,0x0000700009ed3000)]
=>0x00007feee181e000 JavaThread "JDWP Transport Listener: dt_socket" daemon [_thread_in_vm, id=18695, stack(0x0000700009cd0000,0x0000700009dd0000)]
  0x00007feee181d000 JavaThread "Signal Dispatcher" daemon [_thread_blocked, id=13575, stack(0x0000700009bcd000,0x0000700009ccd000)]
  0x00007feee0036800 JavaThread "Finalizer" daemon [_thread_blocked, id=20739, stack(0x0000700009aca000,0x0000700009bca000)]
  0x00007feee080f800 JavaThread "Reference Handler" daemon [_thread_blocked, id=11779, stack(0x00007000099c7000,0x0000700009ac7000)]
  0x00007feee1003800 JavaThread "main" [_thread_blocked, id=10243, stack(0x00007000093b5000,0x00007000094b5000)]

Other Threads:
  0x00007feee080d000 VMThread [stack: 0x00007000098c4000,0x00007000099c4000] [id=11523]
  0x00007feee081f800 WatcherThread [stack: 0x000070000a3e5000,0x000070000a4e5000] [id=14851]

VM state:not at safepoint (normal execution)

VM Mutex/Monitor currently owned by a thread: None

Heap:
 PSYoungGen      total 38400K, used 8006K [0x0000000795580000, 0x0000000798000000, 0x00000007c0000000)
  eden space 33280K, 24% used [0x0000000795580000,0x0000000795d51b00,0x0000000797600000)
  from space 5120K, 0% used [0x0000000797b00000,0x0000000797b00000,0x0000000798000000)
  to   space 5120K, 0% used [0x0000000797600000,0x0000000797600000,0x0000000797b00000)
 ParOldGen       total 87552K, used 0K [0x0000000740000000, 0x0000000745580000, 0x0000000795580000)
  object space 87552K, 0% used [0x0000000740000000,0x0000000740000000,0x0000000745580000)
 Metaspace       used 5916K, capacity 5962K, committed 6144K, reserved 1056768K
  class space    used 659K, capacity 689K, committed 768K, reserved 1048576K

Card table byte_map: [0x0000000111411000,0x0000000111812000] byte_map_base: 0x000000010da11000

Marking Bits: (ParMarkBitMap*) 0x00000001100bfe20
 Begin Bits: [0x0000000122705000, 0x0000000124705000)
 End Bits:   [0x0000000124705000, 0x0000000126705000)

Polling page: 0x00000001107ad000

CodeCache: size=245760Kb used=1723Kb max_used=1731Kb free=244036Kb
 bounds [0x0000000113705000, 0x0000000113975000, 0x0000000122705000]
 total_blobs=564 nmethods=282 adapters=204
 compilation: enabled

Compilation events (10 events):
Event: 0.564 Thread 0x00007feee082b000  277       4       java.lang.String::startsWith (7 bytes)
Event: 0.565 Thread 0x00007feee1823000  278       3       java.io.UnixFileSystem::getBooleanAttributes (49 bytes)
Event: 0.566 Thread 0x00007feee1823000 nmethod 278 0x00000001138b1b50 code [0x00000001138b1d20, 0x00000001138b22c8]
Event: 0.566 Thread 0x00007feee1823000  280  s!   3       java.net.URLStreamHandler::getHostAddress (54 bytes)
Event: 0.567 Thread 0x00007feee1823000 nmethod 280 0x00000001138b25d0 code [0x00000001138b2780, 0x00000001138b2f78]
Event: 0.567 Thread 0x00007feee082b000 nmethod 277 0x00000001138b6150 code [0x00000001138b62a0, 0x00000001138b6518]
Event: 0.570 Thread 0x00007feee1823000  281       3       java.util.concurrent.ConcurrentHashMap::putIfAbsent (8 bytes)
Event: 0.571 Thread 0x00007feee1823000 nmethod 281 0x00000001138b5d10 code [0x00000001138b5e80, 0x00000001138b60a8]
Event: 0.580 Thread 0x00007feee1823000  282       3       java.lang.StringCoding::safeTrim (24 bytes)
Event: 0.581 Thread 0x00007feee1823000 nmethod 282 0x00000001138b54d0 code [0x00000001138b5660, 0x00000001138b5b28]

GC Heap History (0 events):
No events

Deoptimization events (0 events):
No events

Internal exceptions (2 events):
Event: 0.095 Thread 0x00007feee1003800 Exception <a 'java/lang/NoSuchMethodError': Method sun.misc.Unsafe.defineClass(Ljava/lang/String;[BII)Ljava/lang/Class; name or signature does not match> (0x0000000795592d70) thrown at [/Users/java_re/workspace/8-2-build-macosx-x86_64/jdk8u65/4987/hotspot
Event: 0.095 Thread 0x00007feee1003800 Exception <a 'java/lang/NoSuchMethodError': Method sun.misc.Unsafe.prefetchRead(Ljava/lang/Object;J)V name or signature does not match> (0x0000000795593058) thrown at [/Users/java_re/workspace/8-2-build-macosx-x86_64/jdk8u65/4987/hotspot/src/share/vm/prim

Events (10 events):
Event: 1494.014 Executing VM operation: GetOrSetLocal
Event: 1494.015 Executing VM operation: GetOrSetLocal done
Event: 1494.016 Executing VM operation: GetOrSetLocal
Event: 1494.016 Executing VM operation: GetOrSetLocal done
Event: 1704.695 Executing VM operation: RedefineClasses
Event: 1704.696 Executing VM operation: RedefineClasses done
Event: 1704.701 Executing VM operation: ChangeBreakpoints
Event: 1704.701 Executing VM operation: ChangeBreakpoints done
Event: 2039.393 Executing VM operation: RedefineClasses
Event: 2039.395 Executing VM operation: RedefineClasses done


Dynamic libraries:
0x000000001bb26000 	/System/Library/Frameworks/Cocoa.framework/Versions/A/Cocoa
0x000000001bb26000 	/System/Library/Frameworks/Security.framework/Versions/A/Security
0x000000001bb26000 	/System/Library/Frameworks/ApplicationServices.framework/Versions/A/ApplicationServices
0x000000001bb26000 	/usr/lib/libz.1.dylib
0x000000001bb26000 	/usr/lib/libSystem.B.dylib
0x000000001bb26000 	/usr/lib/libobjc.A.dylib
0x000000001bb26000 	/System/Library/Frameworks/CoreFoundation.framework/Versions/A/CoreFoundation
0x000000001bb26000 	/System/Library/Frameworks/Foundation.framework/Versions/C/Foundation
0x000000001bb26000 	/System/Library/Frameworks/AppKit.framework/Versions/C/AppKit
0x000000001bb26000 	/System/Library/Frameworks/CoreData.framework/Versions/A/CoreData
0x000000001bb26000 	/System/Library/PrivateFrameworks/RemoteViewServices.framework/Versions/A/RemoteViewServices
0x000000001bb26000 	/System/Library/PrivateFrameworks/UIFoundation.framework/Versions/A/UIFoundation
0x000000001bb26000 	/System/Library/PrivateFrameworks/DFRFoundation.framework/Versions/A/DFRFoundation
0x000000001bb26000 	/System/Library/Frameworks/Metal.framework/Versions/A/Metal
0x000000001bb26000 	/System/Library/PrivateFrameworks/DesktopServicesPriv.framework/Versions/A/DesktopServicesPriv
0x000000001bb26000 	/usr/lib/libenergytrace.dylib
0x000000001bb26000 	/System/Library/PrivateFrameworks/SkyLight.framework/Versions/A/SkyLight
0x000000001bb26000 	/System/Library/Frameworks/CoreGraphics.framework/Versions/A/CoreGraphics
0x000000001bb26000 	/usr/lib/libScreenReader.dylib
0x000000001bb26000 	/System/Library/Frameworks/Accelerate.framework/Versions/A/Accelerate
0x000000001bb26000 	/System/Library/Frameworks/IOSurface.framework/Versions/A/IOSurface
0x000000001bb26000 	/System/Library/Frameworks/AudioToolbox.framework/Versions/A/AudioToolbox
0x000000001bb26000 	/System/Library/Frameworks/AudioUnit.framework/Versions/A/AudioUnit
0x000000001bb26000 	/System/Library/PrivateFrameworks/DataDetectorsCore.framework/Versions/A/DataDetectorsCore
0x000000001bb26000 	/System/Library/Frameworks/Carbon.framework/Versions/A/Frameworks/HIToolbox.framework/Versions/A/HIToolbox
0x000000001bb26000 	/usr/lib/libicucore.A.dylib
0x000000001bb26000 	/System/Library/Frameworks/QuartzCore.framework/Versions/A/QuartzCore
0x000000001bb26000 	/System/Library/Frameworks/Carbon.framework/Versions/A/Frameworks/SpeechRecognition.framework/Versions/A/SpeechRecognition
0x000000001bb26000 	/usr/lib/libauto.dylib
0x000000001bb26000 	/usr/lib/libxml2.2.dylib
0x000000001bb26000 	/System/Library/PrivateFrameworks/CoreUI.framework/Versions/A/CoreUI
0x000000001bb26000 	/System/Library/Frameworks/CoreAudio.framework/Versions/A/CoreAudio
0x000000001bb26000 	/System/Library/Frameworks/DiskArbitration.framework/Versions/A/DiskArbitration
0x000000001bb26000 	/usr/lib/liblangid.dylib
0x000000001bb26000 	/System/Library/PrivateFrameworks/MultitouchSupport.framework/Versions/A/MultitouchSupport
0x000000001bb26000 	/System/Library/Frameworks/IOKit.framework/Versions/A/IOKit
0x000000001bb26000 	/usr/lib/libDiagnosticMessagesClient.dylib
0x000000001bb26000 	/System/Library/Frameworks/CoreServices.framework/Versions/A/CoreServices
0x000000001bb26000 	/System/Library/PrivateFrameworks/PerformanceAnalysis.framework/Versions/A/PerformanceAnalysis
0x000000001bb26000 	/System/Library/Frameworks/OpenGL.framework/Versions/A/OpenGL
0x000000001bb26000 	/System/Library/Frameworks/ColorSync.framework/Versions/A/ColorSync
0x000000001bb26000 	/System/Library/Frameworks/CoreImage.framework/Versions/A/CoreImage
0x000000001bb26000 	/System/Library/Frameworks/CoreText.framework/Versions/A/CoreText
0x000000001bb26000 	/System/Library/Frameworks/ImageIO.framework/Versions/A/ImageIO
0x000000001bb26000 	/System/Library/PrivateFrameworks/Backup.framework/Versions/A/Backup
0x000000001bb26000 	/usr/lib/libarchive.2.dylib
0x000000001bb26000 	/System/Library/Frameworks/CFNetwork.framework/Versions/A/CFNetwork
0x000000001bb26000 	/System/Library/Frameworks/SystemConfiguration.framework/Versions/A/SystemConfiguration
0x000000001bb26000 	/usr/lib/libCRFSuite.dylib
0x000000001bb26000 	/usr/lib/libc++.1.dylib
0x000000001bb26000 	/usr/lib/libc++abi.dylib
0x000000001bb26000 	/usr/lib/system/libcache.dylib
0x000000001bb26000 	/usr/lib/system/libcommonCrypto.dylib
0x000000001bb26000 	/usr/lib/system/libcompiler_rt.dylib
0x000000001bb26000 	/usr/lib/system/libcopyfile.dylib
0x000000001bb26000 	/usr/lib/system/libcorecrypto.dylib
0x000000001bb26000 	/usr/lib/system/libdispatch.dylib
0x000000001bb26000 	/usr/lib/system/libdyld.dylib
0x000000001bb26000 	/usr/lib/system/libkeymgr.dylib
0x000000001bb26000 	/usr/lib/system/liblaunch.dylib
0x000000001bb26000 	/usr/lib/system/libmacho.dylib
0x000000001bb26000 	/usr/lib/system/libquarantine.dylib
0x000000001bb26000 	/usr/lib/system/libremovefile.dylib
0x000000001bb26000 	/usr/lib/system/libsystem_asl.dylib
0x000000001bb26000 	/usr/lib/system/libsystem_blocks.dylib
0x000000001bb26000 	/usr/lib/system/libsystem_c.dylib
0x000000001bb26000 	/usr/lib/system/libsystem_configuration.dylib
0x000000001bb26000 	/usr/lib/system/libsystem_coreservices.dylib
0x000000001bb26000 	/usr/lib/system/libsystem_darwin.dylib
0x000000001bb26000 	/usr/lib/system/libsystem_dnssd.dylib
0x000000001bb26000 	/usr/lib/system/libsystem_info.dylib
0x000000001bb26000 	/usr/lib/system/libsystem_m.dylib
0x000000001bb26000 	/usr/lib/system/libsystem_malloc.dylib
0x000000001bb26000 	/usr/lib/system/libsystem_network.dylib
0x000000001bb26000 	/usr/lib/system/libsystem_networkextension.dylib
0x000000001bb26000 	/usr/lib/system/libsystem_notify.dylib
0x000000001bb26000 	/usr/lib/system/libsystem_sandbox.dylib
0x000000001bb26000 	/usr/lib/system/libsystem_secinit.dylib
0x000000001bb26000 	/usr/lib/system/libsystem_kernel.dylib
0x000000001bb26000 	/usr/lib/system/libsystem_platform.dylib
0x000000001bb26000 	/usr/lib/system/libsystem_pthread.dylib
0x000000001bb26000 	/usr/lib/system/libsystem_symptoms.dylib
0x000000001bb26000 	/usr/lib/system/libsystem_trace.dylib
0x000000001bb26000 	/usr/lib/system/libunwind.dylib
0x000000001bb26000 	/usr/lib/system/libxpc.dylib
0x000000001bb26000 	/usr/lib/closure/libclosured.dylib
0x000000001bb26000 	/usr/lib/libbsm.0.dylib
0x000000001bb26000 	/usr/lib/system/libkxld.dylib
0x000000001bb26000 	/usr/lib/libOpenScriptingUtil.dylib
0x000000001bb26000 	/usr/lib/libcoretls.dylib
0x000000001bb26000 	/usr/lib/libcoretls_cfhelpers.dylib
0x000000001bb26000 	/usr/lib/libpam.2.dylib
0x000000001bb26000 	/usr/lib/libsqlite3.dylib
0x000000001bb26000 	/usr/lib/libxar.1.dylib
0x000000001bb26000 	/usr/lib/libbz2.1.0.dylib
0x000000001bb26000 	/usr/lib/liblzma.5.dylib
0x000000001bb26000 	/usr/lib/libnetwork.dylib
0x000000001bb26000 	/usr/lib/libapple_nghttp2.dylib
0x000000001bb26000 	/usr/lib/libpcap.A.dylib
0x000000001bb26000 	/usr/lib/libboringssl.dylib
0x000000001bb26000 	/usr/lib/libusrtcp.dylib
0x000000001bb26000 	/usr/lib/libapple_crypto.dylib
0x000000001bb26000 	/System/Library/Frameworks/CoreServices.framework/Versions/A/Frameworks/FSEvents.framework/Versions/A/FSEvents
0x000000001bb26000 	/System/Library/Frameworks/CoreServices.framework/Versions/A/Frameworks/CarbonCore.framework/Versions/A/CarbonCore
0x000000001bb26000 	/System/Library/Frameworks/CoreServices.framework/Versions/A/Frameworks/Metadata.framework/Versions/A/Metadata
0x000000001bb26000 	/System/Library/Frameworks/CoreServices.framework/Versions/A/Frameworks/OSServices.framework/Versions/A/OSServices
0x000000001bb26000 	/System/Library/Frameworks/CoreServices.framework/Versions/A/Frameworks/SearchKit.framework/Versions/A/SearchKit
0x000000001bb26000 	/System/Library/Frameworks/CoreServices.framework/Versions/A/Frameworks/AE.framework/Versions/A/AE
0x000000001bb26000 	/System/Library/Frameworks/CoreServices.framework/Versions/A/Frameworks/LaunchServices.framework/Versions/A/LaunchServices
0x000000001bb26000 	/System/Library/Frameworks/CoreServices.framework/Versions/A/Frameworks/DictionaryServices.framework/Versions/A/DictionaryServices
0x000000001bb26000 	/System/Library/Frameworks/CoreServices.framework/Versions/A/Frameworks/SharedFileList.framework/Versions/A/SharedFileList
0x000000001bb26000 	/System/Library/Frameworks/NetFS.framework/Versions/A/NetFS
0x000000001bb26000 	/System/Library/PrivateFrameworks/NetAuth.framework/Versions/A/NetAuth
0x000000001bb26000 	/System/Library/PrivateFrameworks/login.framework/Versions/A/Frameworks/loginsupport.framework/Versions/A/loginsupport
0x000000001bb26000 	/System/Library/PrivateFrameworks/TCC.framework/Versions/A/TCC
0x000000001bb26000 	/usr/lib/libmecabra.dylib
0x000000001bb26000 	/System/Library/Frameworks/ApplicationServices.framework/Versions/A/Frameworks/ATS.framework/Versions/A/ATS
0x000000001bb26000 	/System/Library/Frameworks/ApplicationServices.framework/Versions/A/Frameworks/ColorSyncLegacy.framework/Versions/A/ColorSyncLegacy
0x000000001bb26000 	/System/Library/Frameworks/ApplicationServices.framework/Versions/A/Frameworks/HIServices.framework/Versions/A/HIServices
0x000000001bb26000 	/System/Library/Frameworks/ApplicationServices.framework/Versions/A/Frameworks/LangAnalysis.framework/Versions/A/LangAnalysis
0x000000001bb26000 	/System/Library/Frameworks/ApplicationServices.framework/Versions/A/Frameworks/PrintCore.framework/Versions/A/PrintCore
0x000000001bb26000 	/System/Library/Frameworks/ApplicationServices.framework/Versions/A/Frameworks/QD.framework/Versions/A/QD
0x000000001bb26000 	/System/Library/Frameworks/ApplicationServices.framework/Versions/A/Frameworks/SpeechSynthesis.framework/Versions/A/SpeechSynthesis
0x000000001bb26000 	/System/Library/Frameworks/CoreDisplay.framework/Versions/A/CoreDisplay
0x000000001bb26000 	/System/Library/Frameworks/Accelerate.framework/Versions/A/Frameworks/vImage.framework/Versions/A/vImage
0x000000001bb26000 	/System/Library/Frameworks/Accelerate.framework/Versions/A/Frameworks/vecLib.framework/Versions/A/vecLib
0x000000001bb26000 	/System/Library/Frameworks/Accelerate.framework/Versions/A/Frameworks/vecLib.framework/Versions/A/libvDSP.dylib
0x000000001bb26000 	/System/Library/Frameworks/Accelerate.framework/Versions/A/Frameworks/vecLib.framework/Versions/A/libBNNS.dylib
0x000000001bb26000 	/System/Library/Frameworks/Accelerate.framework/Versions/A/Frameworks/vecLib.framework/Versions/A/libQuadrature.dylib
0x000000001bb26000 	/System/Library/Frameworks/Accelerate.framework/Versions/A/Frameworks/vecLib.framework/Versions/A/libvMisc.dylib
0x000000001bb26000 	/System/Library/Frameworks/Accelerate.framework/Versions/A/Frameworks/vecLib.framework/Versions/A/libLAPACK.dylib
0x000000001bb26000 	/System/Library/Frameworks/Accelerate.framework/Versions/A/Frameworks/vecLib.framework/Versions/A/libBLAS.dylib
0x000000001bb26000 	/System/Library/Frameworks/Accelerate.framework/Versions/A/Frameworks/vecLib.framework/Versions/A/libLinearAlgebra.dylib
0x000000001bb26000 	/System/Library/Frameworks/Accelerate.framework/Versions/A/Frameworks/vecLib.framework/Versions/A/libSparse.dylib
0x000000001bb26000 	/System/Library/Frameworks/Accelerate.framework/Versions/A/Frameworks/vecLib.framework/Versions/A/libSparseBLAS.dylib
0x000000001bb26000 	/System/Library/PrivateFrameworks/IOAccelerator.framework/Versions/A/IOAccelerator
0x000000001bb26000 	/System/Library/PrivateFrameworks/IOPresentment.framework/Versions/A/IOPresentment
0x000000001bb26000 	/System/Library/PrivateFrameworks/DSExternalDisplay.framework/Versions/A/DSExternalDisplay
0x000000001bb26000 	/System/Library/Frameworks/OpenGL.framework/Versions/A/Libraries/libCoreFSCache.dylib
0x000000001bb26000 	/System/Library/Frameworks/CoreVideo.framework/Versions/A/CoreVideo
0x000000001bb26000 	/System/Library/PrivateFrameworks/GraphVisualizer.framework/Versions/A/GraphVisualizer
0x000000001bb26000 	/System/Library/Frameworks/MetalPerformanceShaders.framework/Versions/A/MetalPerformanceShaders
0x000000001bb26000 	/usr/lib/libFosl_dynamic.dylib
0x000000001bb26000 	/System/Library/PrivateFrameworks/FaceCore.framework/Versions/A/FaceCore
0x000000001bb26000 	/System/Library/Frameworks/OpenCL.framework/Versions/A/OpenCL
0x000000001bb26000 	/usr/lib/libcompression.dylib
0x000000001bb26000 	/System/Library/Frameworks/ApplicationServices.framework/Versions/A/Frameworks/ATS.framework/Versions/A/Resources/libFontParser.dylib
0x000000001bb26000 	/System/Library/Frameworks/ApplicationServices.framework/Versions/A/Frameworks/ATS.framework/Versions/A/Resources/libFontRegistry.dylib
0x000000001bb26000 	/System/Library/Frameworks/ImageIO.framework/Versions/A/Resources/libJPEG.dylib
0x000000001bb26000 	/System/Library/Frameworks/ImageIO.framework/Versions/A/Resources/libTIFF.dylib
0x000000001bb26000 	/System/Library/Frameworks/ImageIO.framework/Versions/A/Resources/libPng.dylib
0x000000001bb26000 	/System/Library/Frameworks/ImageIO.framework/Versions/A/Resources/libGIF.dylib
0x000000001bb26000 	/System/Library/Frameworks/ImageIO.framework/Versions/A/Resources/libJP2.dylib
0x000000001bb26000 	/System/Library/Frameworks/ImageIO.framework/Versions/A/Resources/libRadiance.dylib
0x000000001bb26000 	/System/Library/PrivateFrameworks/AppleJPEG.framework/Versions/A/AppleJPEG
0x000000001bb26000 	/System/Library/PrivateFrameworks/MetalTools.framework/Versions/A/MetalTools
0x000000001bb26000 	/System/Library/Frameworks/MetalPerformanceShaders.framework/Frameworks/MPSCore.framework/Versions/A/MPSCore
0x000000001bb26000 	/System/Library/Frameworks/MetalPerformanceShaders.framework/Frameworks/MPSImage.framework/Versions/A/MPSImage
0x000000001bb26000 	/System/Library/Frameworks/MetalPerformanceShaders.framework/Frameworks/MPSMatrix.framework/Versions/A/MPSMatrix
0x000000001bb26000 	/System/Library/Frameworks/MetalPerformanceShaders.framework/Frameworks/MPSNeuralNetwork.framework/Versions/A/MPSNeuralNetwork
0x000000001bb26000 	/System/Library/Frameworks/OpenGL.framework/Versions/A/Libraries/libGLU.dylib
0x000000001bb26000 	/System/Library/Frameworks/OpenGL.framework/Versions/A/Libraries/libGFXShared.dylib
0x000000001bb26000 	/System/Library/Frameworks/OpenGL.framework/Versions/A/Libraries/libGL.dylib
0x000000001bb26000 	/System/Library/Frameworks/OpenGL.framework/Versions/A/Libraries/libGLImage.dylib
0x000000001bb26000 	/System/Library/Frameworks/OpenGL.framework/Versions/A/Libraries/libCVMSPluginSupport.dylib
0x000000001bb26000 	/System/Library/Frameworks/OpenGL.framework/Versions/A/Libraries/libCoreVMClient.dylib
0x000000001bb26000 	/usr/lib/libcups.2.dylib
0x000000001bb26000 	/System/Library/Frameworks/Kerberos.framework/Versions/A/Kerberos
0x000000001bb26000 	/System/Library/Frameworks/GSS.framework/Versions/A/GSS
0x000000001bb26000 	/usr/lib/libresolv.9.dylib
0x000000001bb26000 	/usr/lib/libiconv.2.dylib
0x000000001bb26000 	/System/Library/PrivateFrameworks/Heimdal.framework/Versions/A/Heimdal
0x000000001bb26000 	/usr/lib/libheimdal-asn1.dylib
0x000000001bb26000 	/System/Library/Frameworks/OpenDirectory.framework/Versions/A/OpenDirectory
0x000000001bb26000 	/System/Library/PrivateFrameworks/CommonAuth.framework/Versions/A/CommonAuth
0x000000001bb26000 	/System/Library/Frameworks/OpenDirectory.framework/Versions/A/Frameworks/CFOpenDirectory.framework/Versions/A/CFOpenDirectory
0x000000001bb26000 	/System/Library/Frameworks/SecurityFoundation.framework/Versions/A/SecurityFoundation
0x000000001bb26000 	/System/Library/PrivateFrameworks/APFS.framework/Versions/A/APFS
0x000000001bb26000 	/usr/lib/libutil.dylib
0x000000001bb26000 	/System/Library/PrivateFrameworks/AppleSauce.framework/Versions/A/AppleSauce
0x000000001bb26000 	/System/Library/PrivateFrameworks/LinguisticData.framework/Versions/A/LinguisticData
0x000000001bb26000 	/usr/lib/libmarisa.dylib
0x000000001bb26000 	/System/Library/PrivateFrameworks/Lexicon.framework/Versions/A/Lexicon
0x000000001bb26000 	/usr/lib/libChineseTokenizer.dylib
0x000000001bb26000 	/usr/lib/libcmph.dylib
0x000000001bb26000 	/System/Library/PrivateFrameworks/LanguageModeling.framework/Versions/A/LanguageModeling
0x000000001bb26000 	/System/Library/PrivateFrameworks/CoreEmoji.framework/Versions/A/CoreEmoji
0x000000001bb26000 	/System/Library/Frameworks/ServiceManagement.framework/Versions/A/ServiceManagement
0x000000001bb26000 	/System/Library/PrivateFrameworks/BackgroundTaskManagement.framework/Versions/A/BackgroundTaskManagement
0x000000001bb26000 	/usr/lib/libxslt.1.dylib
0x000000001bb26000 	/System/Library/Frameworks/Carbon.framework/Versions/A/Frameworks/Ink.framework/Versions/A/Ink
0x000000001bb26000 	/System/Library/PrivateFrameworks/TextureIO.framework/Versions/A/TextureIO
0x000000001bb26000 	/usr/lib/libate.dylib
0x000000001bb26000 	/System/Library/PrivateFrameworks/CrashReporterSupport.framework/Versions/A/CrashReporterSupport
0x000000001bb26000 	/System/Library/PrivateFrameworks/Sharing.framework/Versions/A/Sharing
0x000000001bb26000 	/System/Library/PrivateFrameworks/IconServices.framework/Versions/A/IconServices
0x000000001bb26000 	/System/Library/PrivateFrameworks/ProtocolBuffer.framework/Versions/A/ProtocolBuffer
0x000000001bb26000 	/System/Library/PrivateFrameworks/Apple80211.framework/Versions/A/Apple80211
0x000000001bb26000 	/System/Library/Frameworks/CoreWLAN.framework/Versions/A/CoreWLAN
0x000000001bb26000 	/System/Library/PrivateFrameworks/CoreUtils.framework/Versions/A/CoreUtils
0x000000001bb26000 	/System/Library/Frameworks/IOBluetooth.framework/Versions/A/IOBluetooth
0x000000001bb26000 	/System/Library/PrivateFrameworks/CoreWiFi.framework/Versions/A/CoreWiFi
0x000000001bb26000 	/System/Library/Frameworks/CoreBluetooth.framework/Versions/A/CoreBluetooth
0x000000001bb26000 	/System/Library/PrivateFrameworks/SignpostNotification.framework/Versions/A/SignpostNotification
0x000000001bb26000 	/System/Library/PrivateFrameworks/DebugSymbols.framework/Versions/A/DebugSymbols
0x000000001bb26000 	/System/Library/PrivateFrameworks/CoreSymbolication.framework/Versions/A/CoreSymbolication
0x000000001bb26000 	/System/Library/PrivateFrameworks/Symbolication.framework/Versions/A/Symbolication
0x000000001bb26000 	/System/Library/PrivateFrameworks/AppleFSCompression.framework/Versions/A/AppleFSCompression
0x000000001bb26000 	/System/Library/PrivateFrameworks/SpeechRecognitionCore.framework/Versions/A/SpeechRecognitionCore
0x000000010f7e1000 	/Library/Java/JavaVirtualMachines/jdk1.8.0_65.jdk/Contents/Home/jre/lib/server/libjvm.dylib
0x000000001bb26000 	/usr/lib/libstdc++.6.0.9.dylib
0x000000011076a000 	/Library/Java/JavaVirtualMachines/jdk1.8.0_65.jdk/Contents/Home/jre/lib/libverify.dylib
0x0000000110778000 	/Library/Java/JavaVirtualMachines/jdk1.8.0_65.jdk/Contents/Home/jre/lib/libjava.dylib
0x00000001107ae000 	/Library/Java/JavaVirtualMachines/jdk1.8.0_65.jdk/Contents/Home/jre/lib/libjdwp.dylib
0x00000001107f9000 	/Library/Java/JavaVirtualMachines/jdk1.8.0_65.jdk/Contents/Home/jre/lib/libnpt.dylib
0x0000000111048000 	/Library/Java/JavaVirtualMachines/jdk1.8.0_65.jdk/Contents/Home/jre/lib/libzip.dylib
0x000000001bb26000 	/System/Library/Frameworks/JavaVM.framework/Versions/A/Frameworks/JavaRuntimeSupport.framework/Versions/A/JavaRuntimeSupport
0x000000001bb26000 	/System/Library/Frameworks/JavaVM.framework/Versions/A/Frameworks/JavaNativeFoundation.framework/Versions/A/JavaNativeFoundation
0x000000001bb26000 	/System/Library/Frameworks/JavaVM.framework/Versions/A/JavaVM
0x000000001bb26000 	/System/Library/Frameworks/Carbon.framework/Versions/A/Carbon
0x000000001bb26000 	/System/Library/PrivateFrameworks/JavaLaunching.framework/Versions/A/JavaLaunching
0x000000001bb26000 	/System/Library/Frameworks/Carbon.framework/Versions/A/Frameworks/CommonPanels.framework/Versions/A/CommonPanels
0x000000001bb26000 	/System/Library/Frameworks/Carbon.framework/Versions/A/Frameworks/Help.framework/Versions/A/Help
0x000000001bb26000 	/System/Library/Frameworks/Carbon.framework/Versions/A/Frameworks/ImageCapture.framework/Versions/A/ImageCapture
0x000000001bb26000 	/System/Library/Frameworks/Carbon.framework/Versions/A/Frameworks/OpenScripting.framework/Versions/A/OpenScripting
0x000000001bb26000 	/System/Library/Frameworks/Carbon.framework/Versions/A/Frameworks/Print.framework/Versions/A/Print
0x000000001bb26000 	/System/Library/Frameworks/Carbon.framework/Versions/A/Frameworks/SecurityHI.framework/Versions/A/SecurityHI
0x00000001135f5000 	/Library/Java/JavaVirtualMachines/jdk1.8.0_65.jdk/Contents/Home/jre/lib/libdt_socket.dylib
0x0000000113632000 	/Library/Java/JavaVirtualMachines/jdk1.8.0_65.jdk/Contents/Home/jre/lib/libnet.dylib

VM Arguments:
jvm_args: -agentlib:jdwp=transport=dt_socket,suspend=y,address=localhost:61722 -ea -Dfile.encoding=UTF-8 
java_command: org.eclipse.jdt.internal.junit.runner.RemoteTestRunner -version 3 -port 61721 -testLoaderClass org.eclipse.jdt.internal.junit4.runner.JUnit4TestLoader -loaderpluginname org.eclipse.jdt.junit4.runtime -test AITest:testValidMove
java_class_path (initial): /Library/Java/JavaVirtualMachines/jdk1.8.0_65.jdk/Contents/Home/jre/lib/resources.jar:/Library/Java/JavaVirtualMachines/jdk1.8.0_65.jdk/Contents/Home/jre/lib/rt.jar:/Library/Java/JavaVirtualMachines/jdk1.8.0_65.jdk/Contents/Home/jre/lib/jsse.jar:/Library/Java/JavaVirtualMachines/jdk1.8.0_65.jdk/Contents/Home/jre/lib/jce.jar:/Library/Java/JavaVirtualMachines/jdk1.8.0_65.jdk/Contents/Home/jre/lib/charsets.jar:/Library/Java/JavaVirtualMachines/jdk1.8.0_65.jdk/Contents/Home/jre/lib/jfr.jar:/Library/Java/JavaVirtualMachines/jdk1.8.0_65.jdk/Contents/Home/jre/lib/ext/sunec.jar:/Library/Java/JavaVirtualMachines/jdk1.8.0_65.jdk/Contents/Home/jre/lib/ext/nashorn.jar:/Library/Java/JavaVirtualMachines/jdk1.8.0_65.jdk/Contents/Home/jre/lib/ext/cldrdata.jar:/Library/Java/JavaVirtualMachines/jdk1.8.0_65.jdk/Contents/Home/jre/lib/ext/jfxrt.jar:/Library/Java/JavaVirtualMachines/jdk1.8.0_65.jdk/Contents/Home/jre/lib/ext/dnsns.jar:/Library/Java/JavaVirtualMachines/jdk1.8.0_65.jdk/Contents/Home/jre/lib/ext/localedata.jar:/Library/Java/JavaVirtualMachines/jdk1.8.0_65.jdk/Contents/Home/jre/lib/ext/sunjce_provider.jar:/Library/Java/JavaVirtualMachines/jdk1.8.0_65.jdk/Contents/Home/jre/lib/ext/sunpkcs11.jar:/Library/Java/JavaVirtualMachines/jdk1.8.0_65.jdk/Contents/Home/jre/lib/ext/jaccess.jar:/Library/Java/JavaVirtualMachines/jdk1.8.0_65.jdk/Contents/Home/jre/lib/ext/zipfs.jar:/System/Library/Java/Extensions/MRJToolkit.jar:/Users/Alan/School/Competitions/Atomic Games/othello/sdks/java/AI/bin:/Users/Alan/School/Competitions/Atomic Games/othello/sdks/java/AI/lib/gson-2.8.5.jar:/Users/Alan/.p2/pool/plugins/org.junit_4.12.0.v201504281640/junit.jar:/Users/Alan/.p2/pool/plugins/org.hamcrest.core_1.3.0.v201303031735.jar:/Users/Alan/eclipse/java-oxygen/Eclipse.app/Contents/Eclipse/configuration/org.eclipse.osgi/224/0/.cp:/Users/Alan/eclipse/java-oxygen/Eclipse.app/Contents/Eclipse/configuration/org.eclipse.osgi/223/0/.cp
Launcher Type: SUN_STANDARD

Environment Variables:
PATH=/usr/bin:/bin:/usr/sbin:/sbin
SHELL=/bin/bash
DISPLAY=/private/tmp/com.apple.launchd.PazS76XZAt/org.macosforge.xquartz:0

Signal Handlers:
SIGSEGV: [libjvm.dylib+0x5a6d31], sa_mask[0]=11111111011111110111111111111111, sa_flags=SA_ONSTACK|SA_RESTART|SA_SIGINFO
SIGBUS: [libjvm.dylib+0x5a6d31], sa_mask[0]=11111111011111110111111111111111, sa_flags=SA_RESTART|SA_SIGINFO
SIGFPE: [libjvm.dylib+0x480a40], sa_mask[0]=11111111011111110111111111111111, sa_flags=SA_RESTART|SA_SIGINFO
SIGPIPE: [libjvm.dylib+0x480a40], sa_mask[0]=11111111011111110111111111111111, sa_flags=SA_RESTART|SA_SIGINFO
SIGXFSZ: [libjvm.dylib+0x480a40], sa_mask[0]=11111111011111110111111111111111, sa_flags=SA_RESTART|SA_SIGINFO
SIGILL: [libjvm.dylib+0x480a40], sa_mask[0]=11111111011111110111111111111111, sa_flags=SA_RESTART|SA_SIGINFO
SIGUSR1: SIG_DFL, sa_mask[0]=00000000000000000000000000000000, sa_flags=none
SIGUSR2: [libjvm.dylib+0x48055e], sa_mask[0]=00100000000000000000000000000000, sa_flags=SA_RESTART|SA_SIGINFO
SIGHUP: [libjvm.dylib+0x47eb35], sa_mask[0]=11111111011111110111111111111111, sa_flags=SA_RESTART|SA_SIGINFO
SIGINT: [libjvm.dylib+0x47eb35], sa_mask[0]=11111111011111110111111111111111, sa_flags=SA_RESTART|SA_SIGINFO
SIGTERM: [libjvm.dylib+0x47eb35], sa_mask[0]=11111111011111110111111111111111, sa_flags=SA_RESTART|SA_SIGINFO
SIGQUIT: [libjvm.dylib+0x47eb35], sa_mask[0]=11111111011111110111111111111111, sa_flags=SA_RESTART|SA_SIGINFO


---------------  S Y S T E M  ---------------

OS:Bsduname:Darwin 17.4.0 Darwin Kernel Version 17.4.0: Sun Dec 17 09:19:54 PST 2017; root:xnu-4570.41.2~1/RELEASE_X86_64 x86_64
rlimit: STACK 8192k, CORE 0k, NPROC 709, NOFILE 10240, AS infinity
load average:3.23 2.73 2.65

CPU:total 4 (2 cores per cpu, 2 threads per core) family 6 model 61 stepping 4, cmov, cx8, fxsr, mmx, sse, sse2, sse3, ssse3, sse4.1, sse4.2, popcnt, avx, avx2, aes, clmul, erms, 3dnowpref, lzcnt, ht, tsc, tscinvbit, bmi1, bmi2, adx

Memory: 4k page, physical 8388608k(100024k free)

/proc/meminfo:


vm_info: Java HotSpot(TM) 64-Bit Server VM (25.65-b01) for bsd-amd64 JRE (1.8.0_65-b17), built on Oct  6 2015 15:36:46 by "java_re" with gcc 4.2.1 (Based on Apple Inc. build 5658) (LLVM build 2336.11.00)

time: Sat Oct 20 11:14:31 2018
elapsed time: 2039 seconds (0d 0h 33m 59s)

